Using pre-set license
Built from '2020.3/release' branch; Version is '2020.3.2f1 (8fd9074bf66c) revision 9427207'; Using compiler version '192528614'; Build Type 'Release'
OS: 'Windows 10 Pro; OS build 19042.1466; Version 2009; 64bit' Language: 'es' Physical Memory: 16326 MB
BatchMode: 1, IsHumanControllingUs: 0, StartBugReporterOnCrash: 0, Is64bit: 1, IsPro: 0

 COMMAND LINE ARGUMENTS:
C:\Program Files\Unity\Hub\Editor\2020.3.2f1\Editor\Unity.exe
-adb2
-batchMode
-noUpm
-name
AssetImportWorker1
-projectPath
C:/Users/Mel/OneDrive/Documents/classe/Programaci贸 2D/Final Project
-logFile
Logs/AssetImportWorker1.log
-srvPort
49543
Successfully changed project path to: C:/Users/Mel/OneDrive/Documents/classe/Programaci贸 2D/Final Project
C:/Users/Mel/OneDrive/Documents/classe/Programaci贸 2D/Final Project
Using Asset Import Pipeline V2.
Refreshing native plugins compatible for Editor in 32.20 ms, found 1 plugins.
Preloading 0 native plugins for Editor in 0.00 ms.
Initialize engine version: 2020.3.2f1 (8fd9074bf66c)
[Subsystems] Discovering subsystems at path C:/Program Files/Unity/Hub/Editor/2020.3.2f1/Editor/Data/Resources/UnitySubsystems
[Subsystems] Discovering subsystems at path C:/Users/Mel/OneDrive/Documents/classe/Programaci贸 2D/Final Project/Assets
GfxDevice: creating device client; threaded=0
Direct3D:
    Version:  Direct3D 11.0 [level 11.1]
    Renderer: NVIDIA GeForce GTX 1660 (ID=0x2184)
    Vendor:   
    VRAM:     5991 MB
    Driver:   27.21.14.5751
Initialize mono
Mono path[0] = 'C:/Program Files/Unity/Hub/Editor/2020.3.2f1/Editor/Data/Managed'
Mono path[1] = 'C:/Program Files/Unity/Hub/Editor/2020.3.2f1/Editor/Data/MonoBleedingEdge/lib/mono/unityjit'
Mono config path = 'C:/Program Files/Unity/Hub/Editor/2020.3.2f1/Editor/Data/MonoBleedingEdge/etc'
Using monoOptions --debugger-agent=transport=dt_socket,embedding=1,server=y,suspend=n,address=127.0.0.1:56344
Begin MonoManager ReloadAssembly
Registering precompiled unity dll's ...
Register platform support module: C:/Program Files/Unity/Hub/Editor/2020.3.2f1/Editor/Data/PlaybackEngines/WindowsStandaloneSupport/UnityEditor.WindowsStandalone.Extensions.dll
Registered in 0.001495 seconds.
Native extension for WindowsStandalone target not found
Refreshing native plugins compatible for Editor in 31.50 ms, found 1 plugins.
Preloading 0 native plugins for Editor in 0.00 ms.
Invoked RoslynAnalysisRunner static constructor.
RoslynAnalysisRunner will not be running.
RoslynAnalysisRunner has terminated.
Mono: successfully reloaded assembly
- Completed reload, in  1.547 seconds
Platform modules already initialized, skipping
Registering precompiled user dll's ...
Registered in 0.000901 seconds.
Begin MonoManager ReloadAssembly
Native extension for WindowsStandalone target not found
Refreshing native plugins compatible for Editor in 30.87 ms, found 1 plugins.
Preloading 0 native plugins for Editor in 0.00 ms.
Invoked RoslynAnalysisRunner static constructor.
RoslynAnalysisRunner will not be running.
RoslynAnalysisRunner has terminated.
Mono: successfully reloaded assembly
- Completed reload, in  1.995 seconds
Platform modules already initialized, skipping
========================================================================
Worker process is ready to serve import requests
Launched and connected shader compiler UnityShaderCompiler.exe after 0.04 seconds
Refreshing native plugins compatible for Editor in 1.04 ms, found 1 plugins.
Preloading 0 native plugins for Editor in 0.00 ms.
Unloading 1826 Unused Serialized files (Serialized files now loaded: 0)
System memory in use before: 85.6 MB.
System memory in use after: 85.5 MB.

Unloading 24 unused Assets to reduce memory usage. Loaded Objects now: 2271.
Total: 1.821900 ms (FindLiveObjects: 0.173600 ms CreateObjectMapping: 0.067300 ms MarkObjects: 1.477000 ms  DeleteObjects: 0.103000 ms)

========================================================================
Received Import Request.
  path: Assets/Tilemap/Tilemap.prefab
  artifactKey: Guid(f59d2542455a7d64a99d015f1c2e1b2e) Importer(815301076,1909f56bfc062723c751e8b465ee728b)
Start importing Assets/Tilemap/Tilemap.prefab using Guid(f59d2542455a7d64a99d015f1c2e1b2e) Importer(815301076,1909f56bfc062723c751e8b465ee728b)  -> (artifact id: 'fbf2cfe12287dae14baae3709d3f587c') in 0.123403 seconds
  Import took 0.127521 seconds .

========================================================================
Received Import Request.
  Time since last request: 0.000324 seconds.
  path: Assets/Scenes/Level2.unity
  artifactKey: Guid(9fc5c9b0b289a2342a73aa76d2b1e262) Importer(815301076,1909f56bfc062723c751e8b465ee728b)
Start importing Assets/Scenes/Level2.unity using Guid(9fc5c9b0b289a2342a73aa76d2b1e262) Importer(815301076,1909f56bfc062723c751e8b465ee728b)  -> (artifact id: '2e54a44df2485f95673f62f82714bf28') in 0.005845 seconds
  Import took 0.009610 seconds .

========================================================================
Received Import Request.
  Time since last request: 85.530417 seconds.
  path: Assets/Scripts/CharacterController2D.cs
  artifactKey: Guid(d755c419e9a91dd458b44ddd340accbc) Importer(815301076,1909f56bfc062723c751e8b465ee728b)
Start importing Assets/Scripts/CharacterController2D.cs using Guid(d755c419e9a91dd458b44ddd340accbc) Importer(815301076,1909f56bfc062723c751e8b465ee728b)  -> (artifact id: 'eec0914de24145f5608dcd83784b1358') in 0.048371 seconds
  Import took 0.052729 seconds .

========================================================================
Received Import Request.
  Time since last request: 5.858569 seconds.
  path: Assets/Scripts/NewGame.cs
  artifactKey: Guid(8b15e03d0f3b64f4f8fae6d38c222ce1) Importer(815301076,1909f56bfc062723c751e8b465ee728b)
Start importing Assets/Scripts/NewGame.cs using Guid(8b15e03d0f3b64f4f8fae6d38c222ce1) Importer(815301076,1909f56bfc062723c751e8b465ee728b)  -> (artifact id: '319f3af689a886f2a709ef5820777f20') in 0.018702 seconds
  Import took 0.022820 seconds .

========================================================================
Received Prepare
Registering precompiled user dll's ...
Registered in 0.000816 seconds.
Begin MonoManager ReloadAssembly
Native extension for WindowsStandalone target not found
Refreshing native plugins compatible for Editor in 0.33 ms, found 1 plugins.
Preloading 0 native plugins for Editor in 0.00 ms.
Invoked RoslynAnalysisRunner static constructor.
RoslynAnalysisRunner will not be running.
RoslynAnalysisRunner has terminated.
Mono: successfully reloaded assembly
- Completed reload, in  0.815 seconds
Platform modules already initialized, skipping
Refreshing native plugins compatible for Editor in 0.31 ms, found 1 plugins.
Preloading 0 native plugins for Editor in 0.00 ms.
Unloading 1821 Unused Serialized files (Serialized files now loaded: 0)
System memory in use before: 85.9 MB.
System memory in use after: 85.9 MB.

Unloading 12 unused Assets to reduce memory usage. Loaded Objects now: 2275.
Total: 1.766900 ms (FindLiveObjects: 0.155500 ms CreateObjectMapping: 0.057100 ms MarkObjects: 1.462700 ms  DeleteObjects: 0.090600 ms)

========================================================================
Received Import Request.
  Time since last request: 358.328950 seconds.
  path: Assets/Scripts/Boss.cs
  artifactKey: Guid(e0862ea67c19b1747a0fdebc4b3b6751) Importer(815301076,1909f56bfc062723c751e8b465ee728b)
Start importing Assets/Scripts/Boss.cs using Guid(e0862ea67c19b1747a0fdebc4b3b6751) Importer(815301076,1909f56bfc062723c751e8b465ee728b)  -> (artifact id: 'e4385b6098440c937c513197088ff974') in 0.010774 seconds
  Import took 0.015311 seconds .

========================================================================
Received Import Request.
  Time since last request: 0.029273 seconds.
  path: Assets/Scripts/Boss.cs
  artifactKey: Guid(e0862ea67c19b1747a0fdebc4b3b6751) Importer(815301076,1909f56bfc062723c751e8b465ee728b)
Start importing Assets/Scripts/Boss.cs using Guid(e0862ea67c19b1747a0fdebc4b3b6751) Importer(815301076,1909f56bfc062723c751e8b465ee728b)  -> (artifact id: 'e4385b6098440c937c513197088ff974') in 0.002115 seconds
  Import took 0.006390 seconds .

========================================================================
Received Import Request.
  Time since last request: 0.873256 seconds.
  path: Assets/Scripts/CharacterController2D.cs
  artifactKey: Guid(d755c419e9a91dd458b44ddd340accbc) Importer(815301076,1909f56bfc062723c751e8b465ee728b)
Start importing Assets/Scripts/CharacterController2D.cs using Guid(d755c419e9a91dd458b44ddd340accbc) Importer(815301076,1909f56bfc062723c751e8b465ee728b)  -> (artifact id: 'efe4735dec39e7ee028b798611ce2d9f') in 0.006272 seconds
  Import took 0.011113 seconds .

========================================================================
Received Import Request.
  Time since last request: 0.000871 seconds.
  path: Assets/Scripts/CharacterController2D.cs
  artifactKey: Guid(d755c419e9a91dd458b44ddd340accbc) Importer(815301076,1909f56bfc062723c751e8b465ee728b)
Start importing Assets/Scripts/CharacterController2D.cs using Guid(d755c419e9a91dd458b44ddd340accbc) Importer(815301076,1909f56bfc062723c751e8b465ee728b)  -> (artifact id: 'efe4735dec39e7ee028b798611ce2d9f') in 0.002154 seconds
  Import took 0.007068 seconds .

========================================================================
Received Prepare
Registering precompiled user dll's ...
Registered in 0.000888 seconds.
Begin MonoManager ReloadAssembly
Native extension for WindowsStandalone target not found
Refreshing native plugins compatible for Editor in 0.31 ms, found 1 plugins.
Preloading 0 native plugins for Editor in 0.00 ms.
Invoked RoslynAnalysisRunner static constructor.
RoslynAnalysisRunner will not be running.
RoslynAnalysisRunner has terminated.
Mono: successfully reloaded assembly
- Completed reload, in  0.677 seconds
Platform modules already initialized, skipping
Refreshing native plugins compatible for Editor in 0.30 ms, found 1 plugins.
Preloading 0 native plugins for Editor in 0.00 ms.
Unloading 1821 Unused Serialized files (Serialized files now loaded: 0)
System memory in use before: 85.9 MB.
System memory in use after: 85.9 MB.

Unloading 12 unused Assets to reduce memory usage. Loaded Objects now: 2279.
Total: 1.818000 ms (FindLiveObjects: 0.317700 ms CreateObjectMapping: 0.068400 ms MarkObjects: 1.346000 ms  DeleteObjects: 0.084900 ms)

========================================================================
Received Import Request.
  Time since last request: 33.764493 seconds.
  path: Assets/Scripts/Pole.cs
  artifactKey: Guid(be7f06dbe70f9f14eb402dcde47f5346) Importer(815301076,1909f56bfc062723c751e8b465ee728b)
Start importing Assets/Scripts/Pole.cs using Guid(be7f06dbe70f9f14eb402dcde47f5346) Importer(815301076,1909f56bfc062723c751e8b465ee728b)  -> (artifact id: '892a12dbd60355eab6cccc992f945ed6') in 0.009286 seconds
  Import took 0.014109 seconds .

========================================================================
Received Import Request.
  Time since last request: 9.145583 seconds.
  path: Assets/Scripts/TreeFunction.cs
  artifactKey: Guid(c612b6dfea8d0754f845b9836a2d5c25) Importer(815301076,1909f56bfc062723c751e8b465ee728b)
Start importing Assets/Scripts/TreeFunction.cs using Guid(c612b6dfea8d0754f845b9836a2d5c25) Importer(815301076,1909f56bfc062723c751e8b465ee728b)  -> (artifact id: '8e8ddcbf8209f9230d5234bba64af085') in 0.022934 seconds
  Import took 0.027304 seconds .

========================================================================
Received Import Request.
  Time since last request: 4.838910 seconds.
  path: Assets/Scripts/Vacuum.cs
  artifactKey: Guid(aa592213719b46d4c93eb71c353098d2) Importer(815301076,1909f56bfc062723c751e8b465ee728b)
Start importing Assets/Scripts/Vacuum.cs using Guid(aa592213719b46d4c93eb71c353098d2) Importer(815301076,1909f56bfc062723c751e8b465ee728b)  -> (artifact id: '665d65d8c635471c42b8c0396df9d1b9') in 0.014233 seconds
  Import took 0.018498 seconds .

========================================================================
Received Import Request.
  Time since last request: 380.203174 seconds.
  path: Assets/Scripts/ExtensionMethods.cs
  artifactKey: Guid(004f57c62f4197749869e5c9d2323339) Importer(815301076,1909f56bfc062723c751e8b465ee728b)
Start importing Assets/Scripts/ExtensionMethods.cs using Guid(004f57c62f4197749869e5c9d2323339) Importer(815301076,1909f56bfc062723c751e8b465ee728b)  -> (artifact id: 'f938f27c3a081f6c4a47bc1c0d659e2a') in 0.007022 seconds
  Import took 0.012305 seconds .

========================================================================
Received Prepare
Registering precompiled user dll's ...
Registered in 0.000838 seconds.
Begin MonoManager ReloadAssembly
Native extension for WindowsStandalone target not found
Refreshing native plugins compatible for Editor in 0.32 ms, found 1 plugins.
Preloading 0 native plugins for Editor in 0.00 ms.
Invoked RoslynAnalysisRunner static constructor.
RoslynAnalysisRunner will not be running.
RoslynAnalysisRunner has terminated.
Mono: successfully reloaded assembly
- Completed reload, in  0.733 seconds
Platform modules already initialized, skipping
Refreshing native plugins compatible for Editor in 0.33 ms, found 1 plugins.
Preloading 0 native plugins for Editor in 0.00 ms.
Unloading 1822 Unused Serialized files (Serialized files now loaded: 0)
System memory in use before: 86.0 MB.
System memory in use after: 86.0 MB.

Unloading 13 unused Assets to reduce memory usage. Loaded Objects now: 2284.
Total: 1.798300 ms (FindLiveObjects: 0.161600 ms CreateObjectMapping: 0.061000 ms MarkObjects: 1.482500 ms  DeleteObjects: 0.092300 ms)

========================================================================
Received Import Request.
  Time since last request: 18.188474 seconds.
  path: Assets/Prefabs/Player.prefab
  artifactKey: Guid(26aba600a1f842c459a455dc8f326054) Importer(815301076,1909f56bfc062723c751e8b465ee728b)
Start importing Assets/Prefabs/Player.prefab using Guid(26aba600a1f842c459a455dc8f326054) Importer(815301076,1909f56bfc062723c751e8b465ee728b)  -> (artifact id: '91701b14a21ea8a08413724f50ebb5bd') in 0.427212 seconds
  Import took 0.431607 seconds .

========================================================================
Received Import Request.
  Time since last request: 14.475605 seconds.
  path: Assets/Prefabs/Player.prefab
  artifactKey: Guid(26aba600a1f842c459a455dc8f326054) Importer(815301076,1909f56bfc062723c751e8b465ee728b)
Start importing Assets/Prefabs/Player.prefab using Guid(26aba600a1f842c459a455dc8f326054) Importer(815301076,1909f56bfc062723c751e8b465ee728b)  -> (artifact id: 'efbdc371e21ecac5474c2e22c86ddbf1') in 0.013308 seconds
  Import took 0.018005 seconds .

========================================================================
Received Prepare
Registering precompiled user dll's ...
Registered in 0.000832 seconds.
Begin MonoManager ReloadAssembly
Native extension for WindowsStandalone target not found
Refreshing native plugins compatible for Editor in 0.32 ms, found 1 plugins.
Preloading 0 native plugins for Editor in 0.00 ms.
Invoked RoslynAnalysisRunner static constructor.
RoslynAnalysisRunner will not be running.
RoslynAnalysisRunner has terminated.
Mono: successfully reloaded assembly
- Completed reload, in  0.756 seconds
Platform modules already initialized, skipping
Refreshing native plugins compatible for Editor in 0.34 ms, found 1 plugins.
Preloading 0 native plugins for Editor in 0.00 ms.
Unloading 1822 Unused Serialized files (Serialized files now loaded: 0)
System memory in use before: 89.0 MB.
System memory in use after: 89.0 MB.

Unloading 14 unused Assets to reduce memory usage. Loaded Objects now: 2295.
Total: 1.801100 ms (FindLiveObjects: 0.164100 ms CreateObjectMapping: 0.059600 ms MarkObjects: 1.473800 ms  DeleteObjects: 0.102600 ms)

========================================================================
Received Prepare
Registering precompiled user dll's ...
Registered in 0.000870 seconds.
Begin MonoManager ReloadAssembly
Native extension for WindowsStandalone target not found
Refreshing native plugins compatible for Editor in 0.32 ms, found 1 plugins.
Preloading 0 native plugins for Editor in 0.00 ms.
Invoked RoslynAnalysisRunner static constructor.
RoslynAnalysisRunner will not be running.
RoslynAnalysisRunner has terminated.
Mono: successfully reloaded assembly
- Completed reload, in  0.690 seconds
Platform modules already initialized, skipping
Refreshing native plugins compatible for Editor in 0.31 ms, found 1 plugins.
Preloading 0 native plugins for Editor in 0.00 ms.
Unloading 1822 Unused Serialized files (Serialized files now loaded: 0)
System memory in use before: 89.0 MB.
System memory in use after: 89.0 MB.

Unloading 12 unused Assets to reduce memory usage. Loaded Objects now: 2299.
Total: 2.041100 ms (FindLiveObjects: 0.167600 ms CreateObjectMapping: 0.064900 ms MarkObjects: 1.719100 ms  DeleteObjects: 0.088300 ms)

========================================================================
Received Prepare
Registering precompiled user dll's ...
Registered in 0.000945 seconds.
Begin MonoManager ReloadAssembly
Native extension for WindowsStandalone target not found
Refreshing native plugins compatible for Editor in 0.32 ms, found 1 plugins.
Preloading 0 native plugins for Editor in 0.00 ms.
Invoked RoslynAnalysisRunner static constructor.
RoslynAnalysisRunner will not be running.
RoslynAnalysisRunner has terminated.
Mono: successfully reloaded assembly
- Completed reload, in  0.677 seconds
Platform modules already initialized, skipping
Refreshing native plugins compatible for Editor in 0.32 ms, found 1 plugins.
Preloading 0 native plugins for Editor in 0.00 ms.
Unloading 1822 Unused Serialized files (Serialized files now loaded: 0)
System memory in use before: 89.0 MB.
System memory in use after: 89.0 MB.

Unloading 12 unused Assets to reduce memory usage. Loaded Objects now: 2303.
Total: 1.646400 ms (FindLiveObjects: 0.159900 ms CreateObjectMapping: 0.059200 ms MarkObjects: 1.335400 ms  DeleteObjects: 0.090800 ms)

========================================================================
Received Import Request.
  Time since last request: 151.088125 seconds.
  path: Assets/Prefabs/Bullet.prefab
  artifactKey: Guid(c9bfe8a67caf3a9429567e90ee2d7322) Importer(815301076,1909f56bfc062723c751e8b465ee728b)
Start importing Assets/Prefabs/Bullet.prefab using Guid(c9bfe8a67caf3a9429567e90ee2d7322) Importer(815301076,1909f56bfc062723c751e8b465ee728b)  -> (artifact id: '57ec722f284dec0fd30b1cae2939ef6e') in 0.046900 seconds
  Import took 0.051104 seconds .

========================================================================
Received Import Request.
  Time since last request: 137.243339 seconds.
  path: Assets/Prefabs/Bullet.prefab
  artifactKey: Guid(c9bfe8a67caf3a9429567e90ee2d7322) Importer(815301076,1909f56bfc062723c751e8b465ee728b)
Start importing Assets/Prefabs/Bullet.prefab using Guid(c9bfe8a67caf3a9429567e90ee2d7322) Importer(815301076,1909f56bfc062723c751e8b465ee728b)  -> (artifact id: 'f92ba5138c01251583ff5fd98b0f0632') in 0.010181 seconds
  Import took 0.015762 seconds .

========================================================================
Received Import Request.
  Time since last request: 32.064975 seconds.
  path: Assets/Prefabs/Bullet.prefab
  artifactKey: Guid(c9bfe8a67caf3a9429567e90ee2d7322) Importer(815301076,1909f56bfc062723c751e8b465ee728b)
Start importing Assets/Prefabs/Bullet.prefab using Guid(c9bfe8a67caf3a9429567e90ee2d7322) Importer(815301076,1909f56bfc062723c751e8b465ee728b)  -> (artifact id: '375fcf462a38bf4af087a5c0e8760986') in 0.010461 seconds
  Import took 0.016245 seconds .

========================================================================
Received Import Request.
  Time since last request: 29.201615 seconds.
  path: Assets/Prefabs/Bullet.prefab
  artifactKey: Guid(c9bfe8a67caf3a9429567e90ee2d7322) Importer(815301076,1909f56bfc062723c751e8b465ee728b)
Start importing Assets/Prefabs/Bullet.prefab using Guid(c9bfe8a67caf3a9429567e90ee2d7322) Importer(815301076,1909f56bfc062723c751e8b465ee728b)  -> (artifact id: 'b7367ba70bc28fd701b0c4136a6eaabf') in 0.009749 seconds
  Import took 0.015061 seconds .

========================================================================
Received Import Request.
  Time since last request: 41.771798 seconds.
  path: Assets/Prefabs/Bullet.prefab
  artifactKey: Guid(c9bfe8a67caf3a9429567e90ee2d7322) Importer(815301076,1909f56bfc062723c751e8b465ee728b)
Start importing Assets/Prefabs/Bullet.prefab using Guid(c9bfe8a67caf3a9429567e90ee2d7322) Importer(815301076,1909f56bfc062723c751e8b465ee728b)  -> (artifact id: '20a6082c62b0ac03f9ce6e390b9f489b') in 0.020539 seconds
  Import took 0.024982 seconds .

========================================================================
Received Prepare
Registering precompiled user dll's ...
Registered in 0.000888 seconds.
Begin MonoManager ReloadAssembly
Native extension for WindowsStandalone target not found
Refreshing native plugins compatible for Editor in 0.40 ms, found 1 plugins.
Preloading 0 native plugins for Editor in 0.00 ms.
Invoked RoslynAnalysisRunner static constructor.
RoslynAnalysisRunner will not be running.
RoslynAnalysisRunner has terminated.
Mono: successfully reloaded assembly
- Completed reload, in  0.724 seconds
Platform modules already initialized, skipping
Refreshing native plugins compatible for Editor in 0.37 ms, found 1 plugins.
Preloading 0 native plugins for Editor in 0.00 ms.
Unloading 1822 Unused Serialized files (Serialized files now loaded: 0)
System memory in use before: 89.0 MB.
System memory in use after: 89.0 MB.

Unloading 12 unused Assets to reduce memory usage. Loaded Objects now: 2308.
Total: 1.924900 ms (FindLiveObjects: 0.165600 ms CreateObjectMapping: 0.062600 ms MarkObjects: 1.576400 ms  DeleteObjects: 0.118900 ms)

========================================================================
Received Prepare
Registering precompiled user dll's ...
Registered in 0.001211 seconds.
Begin MonoManager ReloadAssembly
Native extension for WindowsStandalone target not found
Refreshing native plugins compatible for Editor in 0.31 ms, found 1 plugins.
Preloading 0 native plugins for Editor in 0.00 ms.
Invoked RoslynAnalysisRunner static constructor.
RoslynAnalysisRunner will not be running.
RoslynAnalysisRunner has terminated.
Mono: successfully reloaded assembly
- Completed reload, in  0.702 seconds
Platform modules already initialized, skipping
Refreshing native plugins compatible for Editor in 0.39 ms, found 1 plugins.
Preloading 0 native plugins for Editor in 0.00 ms.
Unloading 1822 Unused Serialized files (Serialized files now loaded: 0)
System memory in use before: 89.0 MB.
System memory in use after: 89.0 MB.

Unloading 12 unused Assets to reduce memory usage. Loaded Objects now: 2312.
Total: 2.346900 ms (FindLiveObjects: 0.199000 ms CreateObjectMapping: 0.096300 ms MarkObjects: 1.952900 ms  DeleteObjects: 0.097700 ms)

========================================================================
Received Import Request.
  Time since last request: 96.738180 seconds.
  path: Assets/Prefabs/Player.prefab
  artifactKey: Guid(26aba600a1f842c459a455dc8f326054) Importer(815301076,1909f56bfc062723c751e8b465ee728b)
Start importing Assets/Prefabs/Player.prefab using Guid(26aba600a1f842c459a455dc8f326054) Importer(815301076,1909f56bfc062723c751e8b465ee728b)  -> (artifact id: '2819a69f91ab959381d6bfaad1b0c623') in 0.058999 seconds
  Import took 0.064148 seconds .

========================================================================
Received Import Request.
  Time since last request: 1.702242 seconds.
  path: Assets/Prefabs/Player.prefab
  artifactKey: Guid(26aba600a1f842c459a455dc8f326054) Importer(815301076,1909f56bfc062723c751e8b465ee728b)
Start importing Assets/Prefabs/Player.prefab using Guid(26aba600a1f842c459a455dc8f326054) Importer(815301076,1909f56bfc062723c751e8b465ee728b)  -> (artifact id: '2605e4ca71141090e08c8d872f46910f') in 0.014358 seconds
  Import took 0.019315 seconds .

========================================================================
Received Import Request.
  Time since last request: 36.321781 seconds.
  path: Assets/Prefabs/Crank.prefab
  artifactKey: Guid(c3e9443fe7d53d5449bcbc9532ca7bd1) Importer(815301076,1909f56bfc062723c751e8b465ee728b)
Start importing Assets/Prefabs/Crank.prefab using Guid(c3e9443fe7d53d5449bcbc9532ca7bd1) Importer(815301076,1909f56bfc062723c751e8b465ee728b)  -> (artifact id: '37478de9bdbb5f86859810e78f730828') in 0.074232 seconds
  Import took 0.079514 seconds .

========================================================================
Received Import Request.
  Time since last request: 9.099791 seconds.
  path: Assets/Prefabs/Player.prefab
  artifactKey: Guid(26aba600a1f842c459a455dc8f326054) Importer(815301076,1909f56bfc062723c751e8b465ee728b)
Start importing Assets/Prefabs/Player.prefab using Guid(26aba600a1f842c459a455dc8f326054) Importer(815301076,1909f56bfc062723c751e8b465ee728b)  -> (artifact id: 'babee802210567fcad0e1f629eca1d36') in 0.015932 seconds
  Import took 0.021449 seconds .

========================================================================
Received Import Request.
  Time since last request: 3.063259 seconds.
  path: Assets/Prefabs/Player.prefab
  artifactKey: Guid(26aba600a1f842c459a455dc8f326054) Importer(815301076,1909f56bfc062723c751e8b465ee728b)
Start importing Assets/Prefabs/Player.prefab using Guid(26aba600a1f842c459a455dc8f326054) Importer(815301076,1909f56bfc062723c751e8b465ee728b)  -> (artifact id: 'ea951bce6bf24129e17b9cf90225b188') in 0.014171 seconds
  Import took 0.019061 seconds .

========================================================================
Received Prepare
Registering precompiled user dll's ...
Registered in 0.000785 seconds.
Begin MonoManager ReloadAssembly
Native extension for WindowsStandalone target not found
Refreshing native plugins compatible for Editor in 0.33 ms, found 1 plugins.
Preloading 0 native plugins for Editor in 0.00 ms.
Invoked RoslynAnalysisRunner static constructor.
RoslynAnalysisRunner will not be running.
RoslynAnalysisRunner has terminated.
Mono: successfully reloaded assembly
- Completed reload, in  0.680 seconds
Platform modules already initialized, skipping
Refreshing native plugins compatible for Editor in 0.33 ms, found 1 plugins.
Preloading 0 native plugins for Editor in 0.00 ms.
Unloading 1822 Unused Serialized files (Serialized files now loaded: 0)
System memory in use before: 89.1 MB.
System memory in use after: 89.1 MB.

Unloading 14 unused Assets to reduce memory usage. Loaded Objects now: 2317.
Total: 1.648700 ms (FindLiveObjects: 0.156300 ms CreateObjectMapping: 0.058600 ms MarkObjects: 1.333700 ms  DeleteObjects: 0.099200 ms)

========================================================================
Received Prepare
Registering precompiled user dll's ...
Registered in 0.000852 seconds.
Begin MonoManager ReloadAssembly
Native extension for WindowsStandalone target not found
Refreshing native plugins compatible for Editor in 0.60 ms, found 1 plugins.
Preloading 0 native plugins for Editor in 0.00 ms.
Invoked RoslynAnalysisRunner static constructor.
RoslynAnalysisRunner will not be running.
RoslynAnalysisRunner has terminated.
Mono: successfully reloaded assembly
- Completed reload, in  0.705 seconds
Platform modules already initialized, skipping
Refreshing native plugins compatible for Editor in 0.35 ms, found 1 plugins.
Preloading 0 native plugins for Editor in 0.00 ms.
Unloading 1822 Unused Serialized files (Serialized files now loaded: 0)
System memory in use before: 89.1 MB.
System memory in use after: 89.1 MB.

Unloading 12 unused Assets to reduce memory usage. Loaded Objects now: 2321.
Total: 1.982200 ms (FindLiveObjects: 0.182000 ms CreateObjectMapping: 0.070600 ms MarkObjects: 1.618100 ms  DeleteObjects: 0.110200 ms)

========================================================================
Received Prepare
Registering precompiled user dll's ...
Registered in 0.001034 seconds.
Begin MonoManager ReloadAssembly
Native extension for WindowsStandalone target not found
Refreshing native plugins compatible for Editor in 0.41 ms, found 1 plugins.
Preloading 0 native plugins for Editor in 0.00 ms.
Invoked RoslynAnalysisRunner static constructor.
RoslynAnalysisRunner will not be running.
RoslynAnalysisRunner has terminated.
Mono: successfully reloaded assembly
- Completed reload, in  0.725 seconds
Platform modules already initialized, skipping
Refreshing native plugins compatible for Editor in 0.39 ms, found 1 plugins.
Preloading 0 native plugins for Editor in 0.00 ms.
Unloading 1822 Unused Serialized files (Serialized files now loaded: 0)
System memory in use before: 89.1 MB.
System memory in use after: 89.1 MB.

Unloading 12 unused Assets to reduce memory usage. Loaded Objects now: 2325.
Total: 1.768600 ms (FindLiveObjects: 0.158700 ms CreateObjectMapping: 0.061900 ms MarkObjects: 1.450800 ms  DeleteObjects: 0.095700 ms)

========================================================================
Received Prepare
Registering precompiled user dll's ...
Registered in 0.000858 seconds.
Begin MonoManager ReloadAssembly
Native extension for WindowsStandalone target not found
Refreshing native plugins compatible for Editor in 0.33 ms, found 1 plugins.
Preloading 0 native plugins for Editor in 0.00 ms.
Invoked RoslynAnalysisRunner static constructor.
RoslynAnalysisRunner will not be running.
RoslynAnalysisRunner has terminated.
Mono: successfully reloaded assembly
- Completed reload, in  0.689 seconds
Platform modules already initialized, skipping
Refreshing native plugins compatible for Editor in 0.36 ms, found 1 plugins.
Preloading 0 native plugins for Editor in 0.00 ms.
Unloading 1822 Unused Serialized files (Serialized files now loaded: 0)
System memory in use before: 89.1 MB.
System memory in use after: 89.1 MB.

Unloading 12 unused Assets to reduce memory usage. Loaded Objects now: 2329.
Total: 1.820900 ms (FindLiveObjects: 0.223500 ms CreateObjectMapping: 0.071800 ms MarkObjects: 1.427900 ms  DeleteObjects: 0.096300 ms)

========================================================================
Received Prepare
Registering precompiled user dll's ...
Registered in 0.000847 seconds.
Begin MonoManager ReloadAssembly
Native extension for WindowsStandalone target not found
Refreshing native plugins compatible for Editor in 0.32 ms, found 1 plugins.
Preloading 0 native plugins for Editor in 0.00 ms.
Invoked RoslynAnalysisRunner static constructor.
RoslynAnalysisRunner will not be running.
RoslynAnalysisRunner has terminated.
Mono: successfully reloaded assembly
- Completed reload, in  0.678 seconds
Platform modules already initialized, skipping
Refreshing native plugins compatible for Editor in 0.32 ms, found 1 plugins.
Preloading 0 native plugins for Editor in 0.00 ms.
Unloading 1822 Unused Serialized files (Serialized files now loaded: 0)
System memory in use before: 89.1 MB.
System memory in use after: 89.1 MB.

Unloading 12 unused Assets to reduce memory usage. Loaded Objects now: 2333.
Total: 1.770000 ms (FindLiveObjects: 0.151600 ms CreateObjectMapping: 0.052000 ms MarkObjects: 1.474800 ms  DeleteObjects: 0.090500 ms)

========================================================================
Received Import Request.
  Time since last request: 413.204646 seconds.
  path: Assets/Scripts/BulletController.cs
  artifactKey: Guid(533c798bb5fc62e42afe8b23cbd82fe2) Importer(815301076,1909f56bfc062723c751e8b465ee728b)
Start importing Assets/Scripts/BulletController.cs using Guid(533c798bb5fc62e42afe8b23cbd82fe2) Importer(815301076,1909f56bfc062723c751e8b465ee728b)  -> (artifact id: '445483236b78939bca9c5f90beba7e03') in 0.010111 seconds
  Import took 0.015749 seconds .

========================================================================
Received Import Request.
  Time since last request: 0.000877 seconds.
  path: Assets/Scripts/BulletController.cs
  artifactKey: Guid(533c798bb5fc62e42afe8b23cbd82fe2) Importer(815301076,1909f56bfc062723c751e8b465ee728b)
Start importing Assets/Scripts/BulletController.cs using Guid(533c798bb5fc62e42afe8b23cbd82fe2) Importer(815301076,1909f56bfc062723c751e8b465ee728b)  -> (artifact id: '445483236b78939bca9c5f90beba7e03') in 0.002695 seconds
  Import took 0.007269 seconds .

========================================================================
Received Prepare
Registering precompiled user dll's ...
Registered in 0.000891 seconds.
Begin MonoManager ReloadAssembly
Native extension for WindowsStandalone target not found
Refreshing native plugins compatible for Editor in 0.33 ms, found 1 plugins.
Preloading 0 native plugins for Editor in 0.00 ms.
Invoked RoslynAnalysisRunner static constructor.
RoslynAnalysisRunner will not be running.
RoslynAnalysisRunner has terminated.
Mono: successfully reloaded assembly
- Completed reload, in  0.691 seconds
Platform modules already initialized, skipping
Refreshing native plugins compatible for Editor in 0.36 ms, found 1 plugins.
Preloading 0 native plugins for Editor in 0.00 ms.
Unloading 1822 Unused Serialized files (Serialized files now loaded: 0)
System memory in use before: 89.1 MB.
System memory in use after: 89.1 MB.

Unloading 12 unused Assets to reduce memory usage. Loaded Objects now: 2337.
Total: 1.787800 ms (FindLiveObjects: 0.166600 ms CreateObjectMapping: 0.059400 ms MarkObjects: 1.472400 ms  DeleteObjects: 0.088500 ms)

========================================================================
Received Prepare
Registering precompiled user dll's ...
Registered in 0.000868 seconds.
Begin MonoManager ReloadAssembly
Native extension for WindowsStandalone target not found
Refreshing native plugins compatible for Editor in 0.36 ms, found 1 plugins.
Preloading 0 native plugins for Editor in 0.00 ms.
Invoked RoslynAnalysisRunner static constructor.
RoslynAnalysisRunner will not be running.
RoslynAnalysisRunner has terminated.
Mono: successfully reloaded assembly
- Completed reload, in  0.673 seconds
Platform modules already initialized, skipping
Refreshing native plugins compatible for Editor in 0.41 ms, found 1 plugins.
Preloading 0 native plugins for Editor in 0.00 ms.
Unloading 1822 Unused Serialized files (Serialized files now loaded: 0)
System memory in use before: 89.1 MB.
System memory in use after: 89.1 MB.

Unloading 12 unused Assets to reduce memory usage. Loaded Objects now: 2341.
Total: 1.853300 ms (FindLiveObjects: 0.166900 ms CreateObjectMapping: 0.052600 ms MarkObjects: 1.508000 ms  DeleteObjects: 0.124700 ms)

========================================================================
Received Prepare
Registering precompiled user dll's ...
Registered in 0.001047 seconds.
Begin MonoManager ReloadAssembly
Native extension for WindowsStandalone target not found
Refreshing native plugins compatible for Editor in 0.32 ms, found 1 plugins.
Preloading 0 native plugins for Editor in 0.00 ms.
Invoked RoslynAnalysisRunner static constructor.
RoslynAnalysisRunner will not be running.
RoslynAnalysisRunner has terminated.
Mono: successfully reloaded assembly
- Completed reload, in  0.697 seconds
Platform modules already initialized, skipping
Refreshing native plugins compatible for Editor in 0.31 ms, found 1 plugins.
Preloading 0 native plugins for Editor in 0.00 ms.
Unloading 1822 Unused Serialized files (Serialized files now loaded: 0)
System memory in use before: 89.2 MB.
System memory in use after: 89.1 MB.

Unloading 12 unused Assets to reduce memory usage. Loaded Objects now: 2345.
Total: 1.727900 ms (FindLiveObjects: 0.187900 ms CreateObjectMapping: 0.066200 ms MarkObjects: 1.379800 ms  DeleteObjects: 0.092900 ms)

========================================================================
Received Prepare
Registering precompiled user dll's ...
Registered in 0.000851 seconds.
Begin MonoManager ReloadAssembly
Native extension for WindowsStandalone target not found
Refreshing native plugins compatible for Editor in 0.36 ms, found 1 plugins.
Preloading 0 native plugins for Editor in 0.00 ms.
Invoked RoslynAnalysisRunner static constructor.
RoslynAnalysisRunner will not be running.
RoslynAnalysisRunner has terminated.
Mono: successfully reloaded assembly
- Completed reload, in  0.663 seconds
Platform modules already initialized, skipping
Refreshing native plugins compatible for Editor in 0.39 ms, found 1 plugins.
Preloading 0 native plugins for Editor in 0.00 ms.
Unloading 1822 Unused Serialized files (Serialized files now loaded: 0)
System memory in use before: 89.2 MB.
System memory in use after: 89.1 MB.

Unloading 12 unused Assets to reduce memory usage. Loaded Objects now: 2349.
Total: 1.778500 ms (FindLiveObjects: 0.182600 ms CreateObjectMapping: 0.071300 ms MarkObjects: 1.427800 ms  DeleteObjects: 0.095300 ms)

========================================================================
Received Prepare
Registering precompiled user dll's ...
Registered in 0.000979 seconds.
Begin MonoManager ReloadAssembly
Native extension for WindowsStandalone target not found
Refreshing native plugins compatible for Editor in 0.32 ms, found 1 plugins.
Preloading 0 native plugins for Editor in 0.00 ms.
Invoked RoslynAnalysisRunner static constructor.
RoslynAnalysisRunner will not be running.
RoslynAnalysisRunner has terminated.
Mono: successfully reloaded assembly
- Completed reload, in  0.717 seconds
Platform modules already initialized, skipping
Refreshing native plugins compatible for Editor in 0.31 ms, found 1 plugins.
Preloading 0 native plugins for Editor in 0.00 ms.
Unloading 1822 Unused Serialized files (Serialized files now loaded: 0)
System memory in use before: 89.2 MB.
System memory in use after: 89.2 MB.

Unloading 12 unused Assets to reduce memory usage. Loaded Objects now: 2353.
Total: 1.920200 ms (FindLiveObjects: 0.181300 ms CreateObjectMapping: 0.064000 ms MarkObjects: 1.579500 ms  DeleteObjects: 0.094500 ms)

========================================================================
Received Import Request.
  Time since last request: 389.333444 seconds.
  path: Assets/Scripts/BulletController.cs
  artifactKey: Guid(533c798bb5fc62e42afe8b23cbd82fe2) Importer(815301076,1909f56bfc062723c751e8b465ee728b)
Start importing Assets/Scripts/BulletController.cs using Guid(533c798bb5fc62e42afe8b23cbd82fe2) Importer(815301076,1909f56bfc062723c751e8b465ee728b)  -> (artifact id: 'e4c6fc5efc2380e91411a8a544c8b080') in 0.004443 seconds
  Import took 0.008342 seconds .

========================================================================
Received Prepare
Registering precompiled user dll's ...
Registered in 0.001019 seconds.
Begin MonoManager ReloadAssembly
Native extension for WindowsStandalone target not found
Refreshing native plugins compatible for Editor in 0.32 ms, found 1 plugins.
Preloading 0 native plugins for Editor in 0.00 ms.
Invoked RoslynAnalysisRunner static constructor.
RoslynAnalysisRunner will not be running.
RoslynAnalysisRunner has terminated.
Mono: successfully reloaded assembly
- Completed reload, in  0.698 seconds
Platform modules already initialized, skipping
Refreshing native plugins compatible for Editor in 0.32 ms, found 1 plugins.
Preloading 0 native plugins for Editor in 0.00 ms.
Unloading 1822 Unused Serialized files (Serialized files now loaded: 0)
System memory in use before: 89.2 MB.
System memory in use after: 89.2 MB.

Unloading 12 unused Assets to reduce memory usage. Loaded Objects now: 2357.
Total: 1.766600 ms (FindLiveObjects: 0.164800 ms CreateObjectMapping: 0.056300 ms MarkObjects: 1.454900 ms  DeleteObjects: 0.089700 ms)

========================================================================
Received Prepare
Registering precompiled user dll's ...
Registered in 0.001208 seconds.
Begin MonoManager ReloadAssembly
Native extension for WindowsStandalone target not found
Refreshing native plugins compatible for Editor in 0.32 ms, found 1 plugins.
Preloading 0 native plugins for Editor in 0.00 ms.
Invoked RoslynAnalysisRunner static constructor.
RoslynAnalysisRunner will not be running.
RoslynAnalysisRunner has terminated.
Mono: successfully reloaded assembly
- Completed reload, in  0.709 seconds
Platform modules already initialized, skipping
Refreshing native plugins compatible for Editor in 0.32 ms, found 1 plugins.
Preloading 0 native plugins for Editor in 0.00 ms.
Unloading 1822 Unused Serialized files (Serialized files now loaded: 0)
System memory in use before: 89.2 MB.
System memory in use after: 89.2 MB.

Unloading 12 unused Assets to reduce memory usage. Loaded Objects now: 2361.
Total: 1.883900 ms (FindLiveObjects: 0.189900 ms CreateObjectMapping: 0.071000 ms MarkObjects: 1.527200 ms  DeleteObjects: 0.094600 ms)

========================================================================
Received Import Request.
  Time since last request: 76.388847 seconds.
  path: Assets/Scripts/BulletController.cs
  artifactKey: Guid(533c798bb5fc62e42afe8b23cbd82fe2) Importer(815301076,1909f56bfc062723c751e8b465ee728b)
Start importing Assets/Scripts/BulletController.cs using Guid(533c798bb5fc62e42afe8b23cbd82fe2) Importer(815301076,1909f56bfc062723c751e8b465ee728b)  -> (artifact id: '4f213bb97b4af34db53e4d9a3ebf965e') in 0.004327 seconds
  Import took 0.008575 seconds .

========================================================================
Received Prepare
Registering precompiled user dll's ...
Registered in 0.000850 seconds.
Begin MonoManager ReloadAssembly
Native extension for WindowsStandalone target not found
Refreshing native plugins compatible for Editor in 0.44 ms, found 1 plugins.
Preloading 0 native plugins for Editor in 0.00 ms.
Invoked RoslynAnalysisRunner static constructor.
RoslynAnalysisRunner will not be running.
RoslynAnalysisRunner has terminated.
Mono: successfully reloaded assembly
- Completed reload, in  0.901 seconds
Platform modules already initialized, skipping
Refreshing native plugins compatible for Editor in 0.36 ms, found 1 plugins.
Preloading 0 native plugins for Editor in 0.00 ms.
Unloading 1822 Unused Serialized files (Serialized files now loaded: 0)
System memory in use before: 89.2 MB.
System memory in use after: 89.2 MB.

Unloading 12 unused Assets to reduce memory usage. Loaded Objects now: 2365.
Total: 2.461900 ms (FindLiveObjects: 0.219100 ms CreateObjectMapping: 0.134500 ms MarkObjects: 2.000300 ms  DeleteObjects: 0.106500 ms)

========================================================================
Received Prepare
Registering precompiled user dll's ...
Registered in 0.000854 seconds.
Begin MonoManager ReloadAssembly
Native extension for WindowsStandalone target not found
Refreshing native plugins compatible for Editor in 0.31 ms, found 1 plugins.
Preloading 0 native plugins for Editor in 0.00 ms.
Invoked RoslynAnalysisRunner static constructor.
RoslynAnalysisRunner will not be running.
RoslynAnalysisRunner has terminated.
Mono: successfully reloaded assembly
- Completed reload, in  0.700 seconds
Platform modules already initialized, skipping
Refreshing native plugins compatible for Editor in 0.31 ms, found 1 plugins.
Preloading 0 native plugins for Editor in 0.00 ms.
Unloading 1822 Unused Serialized files (Serialized files now loaded: 0)
System memory in use before: 89.2 MB.
System memory in use after: 89.2 MB.

Unloading 12 unused Assets to reduce memory usage. Loaded Objects now: 2369.
Total: 1.817200 ms (FindLiveObjects: 0.175500 ms CreateObjectMapping: 0.063700 ms MarkObjects: 1.482500 ms  DeleteObjects: 0.094400 ms)

========================================================================
Received Prepare
Registering precompiled user dll's ...
Registered in 0.000862 seconds.
Begin MonoManager ReloadAssembly
Native extension for WindowsStandalone target not found
Refreshing native plugins compatible for Editor in 0.32 ms, found 1 plugins.
Preloading 0 native plugins for Editor in 0.00 ms.
Invoked RoslynAnalysisRunner static constructor.
RoslynAnalysisRunner will not be running.
RoslynAnalysisRunner has terminated.
Mono: successfully reloaded assembly
- Completed reload, in  0.691 seconds
Platform modules already initialized, skipping
Refreshing native plugins compatible for Editor in 0.32 ms, found 1 plugins.
Preloading 0 native plugins for Editor in 0.00 ms.
Unloading 1822 Unused Serialized files (Serialized files now loaded: 0)
System memory in use before: 89.2 MB.
System memory in use after: 89.2 MB.

Unloading 12 unused Assets to reduce memory usage. Loaded Objects now: 2373.
Total: 1.788100 ms (FindLiveObjects: 0.162800 ms CreateObjectMapping: 0.058100 ms MarkObjects: 1.475000 ms  DeleteObjects: 0.091200 ms)

========================================================================
Received Prepare
Registering precompiled user dll's ...
Registered in 0.000848 seconds.
Begin MonoManager ReloadAssembly
Native extension for WindowsStandalone target not found
Refreshing native plugins compatible for Editor in 0.32 ms, found 1 plugins.
Preloading 0 native plugins for Editor in 0.00 ms.
Invoked RoslynAnalysisRunner static constructor.
RoslynAnalysisRunner will not be running.
RoslynAnalysisRunner has terminated.
Mono: successfully reloaded assembly
- Completed reload, in  0.694 seconds
Platform modules already initialized, skipping
Refreshing native plugins compatible for Editor in 0.31 ms, found 1 plugins.
Preloading 0 native plugins for Editor in 0.00 ms.
Unloading 1822 Unused Serialized files (Serialized files now loaded: 0)
System memory in use before: 89.2 MB.
System memory in use after: 89.2 MB.

Unloading 12 unused Assets to reduce memory usage. Loaded Objects now: 2377.
Total: 1.857600 ms (FindLiveObjects: 0.196100 ms CreateObjectMapping: 0.062800 ms MarkObjects: 1.504200 ms  DeleteObjects: 0.093600 ms)

========================================================================
Received Prepare
Registering precompiled user dll's ...
Registered in 0.000920 seconds.
Begin MonoManager ReloadAssembly
Native extension for WindowsStandalone target not found
Refreshing native plugins compatible for Editor in 0.33 ms, found 1 plugins.
Preloading 0 native plugins for Editor in 0.00 ms.
Invoked RoslynAnalysisRunner static constructor.
RoslynAnalysisRunner will not be running.
RoslynAnalysisRunner has terminated.
Mono: successfully reloaded assembly
- Completed reload, in  0.690 seconds
Platform modules already initialized, skipping
Refreshing native plugins compatible for Editor in 0.31 ms, found 1 plugins.
Preloading 0 native plugins for Editor in 0.00 ms.
Unloading 1822 Unused Serialized files (Serialized files now loaded: 0)
System memory in use before: 89.2 MB.
System memory in use after: 89.2 MB.

Unloading 12 unused Assets to reduce memory usage. Loaded Objects now: 2381.
Total: 1.857900 ms (FindLiveObjects: 0.170400 ms CreateObjectMapping: 0.060700 ms MarkObjects: 1.527700 ms  DeleteObjects: 0.098100 ms)

========================================================================
Received Prepare
Registering precompiled user dll's ...
Registered in 0.000893 seconds.
Begin MonoManager ReloadAssembly
Native extension for WindowsStandalone target not found
Refreshing native plugins compatible for Editor in 0.55 ms, found 1 plugins.
Preloading 0 native plugins for Editor in 0.00 ms.
Invoked RoslynAnalysisRunner static constructor.
RoslynAnalysisRunner will not be running.
RoslynAnalysisRunner has terminated.
Mono: successfully reloaded assembly
- Completed reload, in  0.739 seconds
Platform modules already initialized, skipping
Refreshing native plugins compatible for Editor in 0.32 ms, found 1 plugins.
Preloading 0 native plugins for Editor in 0.00 ms.
Unloading 1822 Unused Serialized files (Serialized files now loaded: 0)
System memory in use before: 89.3 MB.
System memory in use after: 89.2 MB.

Unloading 12 unused Assets to reduce memory usage. Loaded Objects now: 2385.
Total: 2.708700 ms (FindLiveObjects: 0.485800 ms CreateObjectMapping: 0.110500 ms MarkObjects: 1.948900 ms  DeleteObjects: 0.143100 ms)

========================================================================
Received Import Request.
  Time since last request: 860.910427 seconds.
  path: Assets/Scripts/BulletController.cs
  artifactKey: Guid(533c798bb5fc62e42afe8b23cbd82fe2) Importer(815301076,1909f56bfc062723c751e8b465ee728b)
Start importing Assets/Scripts/BulletController.cs using Guid(533c798bb5fc62e42afe8b23cbd82fe2) Importer(815301076,1909f56bfc062723c751e8b465ee728b)  -> (artifact id: 'c6f1dea52406dff210b35ca3c75675c9') in 0.004498 seconds
  Import took 0.009284 seconds .

========================================================================
Received Prepare
Registering precompiled user dll's ...
Registered in 0.000906 seconds.
Begin MonoManager ReloadAssembly
Native extension for WindowsStandalone target not found
Refreshing native plugins compatible for Editor in 0.39 ms, found 1 plugins.
Preloading 0 native plugins for Editor in 0.00 ms.
Invoked RoslynAnalysisRunner static constructor.
RoslynAnalysisRunner will not be running.
RoslynAnalysisRunner has terminated.
Mono: successfully reloaded assembly
- Completed reload, in  0.726 seconds
Platform modules already initialized, skipping
Refreshing native plugins compatible for Editor in 0.33 ms, found 1 plugins.
Preloading 0 native plugins for Editor in 0.00 ms.
Unloading 1822 Unused Serialized files (Serialized files now loaded: 0)
System memory in use before: 89.3 MB.
System memory in use after: 89.2 MB.

Unloading 12 unused Assets to reduce memory usage. Loaded Objects now: 2389.
Total: 1.874400 ms (FindLiveObjects: 0.184700 ms CreateObjectMapping: 0.064300 ms MarkObjects: 1.528600 ms  DeleteObjects: 0.095800 ms)

========================================================================
Received Prepare
Registering precompiled user dll's ...
Registered in 0.000874 seconds.
Begin MonoManager ReloadAssembly
Native extension for WindowsStandalone target not found
Refreshing native plugins compatible for Editor in 0.33 ms, found 1 plugins.
Preloading 0 native plugins for Editor in 0.00 ms.
Invoked RoslynAnalysisRunner static constructor.
RoslynAnalysisRunner will not be running.
RoslynAnalysisRunner has terminated.
Mono: successfully reloaded assembly
- Completed reload, in  0.687 seconds
Platform modules already initialized, skipping
Refreshing native plugins compatible for Editor in 0.34 ms, found 1 plugins.
Preloading 0 native plugins for Editor in 0.00 ms.
Unloading 1822 Unused Serialized files (Serialized files now loaded: 0)
System memory in use before: 89.3 MB.
System memory in use after: 89.2 MB.

Unloading 12 unused Assets to reduce memory usage. Loaded Objects now: 2393.
Total: 1.841500 ms (FindLiveObjects: 0.168400 ms CreateObjectMapping: 0.060000 ms MarkObjects: 1.525700 ms  DeleteObjects: 0.086600 ms)

AssetImportWorkerClient::OnTransportError - code=2 error=End of file
