Using pre-set license
Built from '2020.3/release' branch; Version is '2020.3.2f1 (8fd9074bf66c) revision 9427207'; Using compiler version '192528614'; Build Type 'Release'
OS: 'Windows 10 Pro; OS build 19042.1466; Version 2009; 64bit' Language: 'es' Physical Memory: 16326 MB
BatchMode: 1, IsHumanControllingUs: 0, StartBugReporterOnCrash: 0, Is64bit: 1, IsPro: 0

 COMMAND LINE ARGUMENTS:
C:\Program Files\Unity\Hub\Editor\2020.3.2f1\Editor\Unity.exe
-adb2
-batchMode
-noUpm
-name
AssetImportWorker0
-projectPath
C:/Users/Mel/Desktop/Portfolio/Wander/Wander
-logFile
Logs/AssetImportWorker0.log
-srvPort
57595
Successfully changed project path to: C:/Users/Mel/Desktop/Portfolio/Wander/Wander
C:/Users/Mel/Desktop/Portfolio/Wander/Wander
Using Asset Import Pipeline V2.
Refreshing native plugins compatible for Editor in 20.00 ms, found 0 plugins.
Preloading 0 native plugins for Editor in 0.00 ms.
Initialize engine version: 2020.3.2f1 (8fd9074bf66c)
[Subsystems] Discovering subsystems at path C:/Program Files/Unity/Hub/Editor/2020.3.2f1/Editor/Data/Resources/UnitySubsystems
[Subsystems] Discovering subsystems at path C:/Users/Mel/Desktop/Portfolio/Wander/Wander/Assets
GfxDevice: creating device client; threaded=0
Direct3D:
    Version:  Direct3D 11.0 [level 11.1]
    Renderer: NVIDIA GeForce GTX 1660 (ID=0x2184)
    Vendor:   
    VRAM:     5991 MB
    Driver:   27.21.14.5751
Initialize mono
Mono path[0] = 'C:/Program Files/Unity/Hub/Editor/2020.3.2f1/Editor/Data/Managed'
Mono path[1] = 'C:/Program Files/Unity/Hub/Editor/2020.3.2f1/Editor/Data/MonoBleedingEdge/lib/mono/unityjit'
Mono config path = 'C:/Program Files/Unity/Hub/Editor/2020.3.2f1/Editor/Data/MonoBleedingEdge/etc'
Using monoOptions --debugger-agent=transport=dt_socket,embedding=1,server=y,suspend=n,address=127.0.0.1:56244
Begin MonoManager ReloadAssembly
Registering precompiled unity dll's ...
Register platform support module: C:/Program Files/Unity/Hub/Editor/2020.3.2f1/Editor/Data/PlaybackEngines/WebGLSupport/UnityEditor.WebGL.Extensions.dll
Register platform support module: C:/Program Files/Unity/Hub/Editor/2020.3.2f1/Editor/Data/PlaybackEngines/WindowsStandaloneSupport/UnityEditor.WindowsStandalone.Extensions.dll
Registered in 0.001955 seconds.
Native extension for WindowsStandalone target not found
Native extension for WebGL target not found
Refreshing native plugins compatible for Editor in 19.93 ms, found 0 plugins.
Preloading 0 native plugins for Editor in 0.00 ms.
Invoked RoslynAnalysisRunner static constructor.
RoslynAnalysisRunner will not be running.
RoslynAnalysisRunner has terminated.
Mono: successfully reloaded assembly
- Completed reload, in  1.488 seconds
Platform modules already initialized, skipping
Registering precompiled user dll's ...
Registered in 0.000878 seconds.
Begin MonoManager ReloadAssembly
Native extension for WindowsStandalone target not found
Native extension for WebGL target not found
Refreshing native plugins compatible for Editor in 0.19 ms, found 0 plugins.
Preloading 0 native plugins for Editor in 0.00 ms.
Invoked RoslynAnalysisRunner static constructor.
RoslynAnalysisRunner will not be running.
RoslynAnalysisRunner has terminated.
Mono: successfully reloaded assembly
- Completed reload, in  0.658 seconds
Platform modules already initialized, skipping
========================================================================
Worker process is ready to serve import requests
Launched and connected shader compiler UnityShaderCompiler.exe after 0.03 seconds
Refreshing native plugins compatible for Editor in 0.23 ms, found 0 plugins.
Preloading 0 native plugins for Editor in 0.00 ms.
Unloading 1160 Unused Serialized files (Serialized files now loaded: 0)
System memory in use before: 77.8 MB.
System memory in use after: 77.8 MB.

Unloading 10 unused Assets to reduce memory usage. Loaded Objects now: 1622.
Total: 1.778200 ms (FindLiveObjects: 0.272900 ms CreateObjectMapping: 0.092200 ms MarkObjects: 1.348500 ms  DeleteObjects: 0.063400 ms)

========================================================================
Received Import Request.
  path: Assets/Scripts/PersecutionState.cs
  artifactKey: Guid(8fc2e0090c617f344a194e1d0de37b07) Importer(815301076,1909f56bfc062723c751e8b465ee728b)
Start importing Assets/Scripts/PersecutionState.cs using Guid(8fc2e0090c617f344a194e1d0de37b07) Importer(815301076,1909f56bfc062723c751e8b465ee728b)  -> (artifact id: '8cde2d6a3b66096c522d5ce9698570b0') in 0.018530 seconds
  Import took 0.020094 seconds .

========================================================================
Received Import Request.
  Time since last request: 0.968988 seconds.
  path: Assets/Scripts/WanderState.cs
  artifactKey: Guid(19ddb79e397e260419969bf8fb6af643) Importer(815301076,1909f56bfc062723c751e8b465ee728b)
Start importing Assets/Scripts/WanderState.cs using Guid(19ddb79e397e260419969bf8fb6af643) Importer(815301076,1909f56bfc062723c751e8b465ee728b)  -> (artifact id: '86e1bf1f7573ce56ca561839376adfd7') in 0.011695 seconds
  Import took 0.019006 seconds .

========================================================================
Received Import Request.
  Time since last request: 0.001982 seconds.
  path: Assets/Scripts/WanderState.cs
  artifactKey: Guid(19ddb79e397e260419969bf8fb6af643) Importer(815301076,1909f56bfc062723c751e8b465ee728b)
Start importing Assets/Scripts/WanderState.cs using Guid(19ddb79e397e260419969bf8fb6af643) Importer(815301076,1909f56bfc062723c751e8b465ee728b)  -> (artifact id: '86e1bf1f7573ce56ca561839376adfd7') in 0.005385 seconds
  Import took 0.008344 seconds .

========================================================================
Received Import Request.
  Time since last request: 9.351406 seconds.
  path: Assets/Scripts/Editor
  artifactKey: Guid(892cb9cb2a8e0724a8c885667cbdb415) Importer(815301076,1909f56bfc062723c751e8b465ee728b)
Start importing Assets/Scripts/Editor using Guid(892cb9cb2a8e0724a8c885667cbdb415) Importer(815301076,1909f56bfc062723c751e8b465ee728b)  -> (artifact id: '64b6a97cc3e91703dfa68c924033043f') in 0.007342 seconds
  Import took 0.009177 seconds .

========================================================================
Received Prepare
Registering precompiled user dll's ...
Registered in 0.000798 seconds.
Begin MonoManager ReloadAssembly
Native extension for WindowsStandalone target not found
Native extension for WebGL target not found
Refreshing native plugins compatible for Editor in 0.21 ms, found 0 plugins.
Preloading 0 native plugins for Editor in 0.00 ms.
Invoked RoslynAnalysisRunner static constructor.
RoslynAnalysisRunner will not be running.
RoslynAnalysisRunner has terminated.
Mono: successfully reloaded assembly
- Completed reload, in  0.664 seconds
Platform modules already initialized, skipping
Refreshing native plugins compatible for Editor in 0.21 ms, found 0 plugins.
Preloading 0 native plugins for Editor in 0.00 ms.
Unloading 1155 Unused Serialized files (Serialized files now loaded: 0)
System memory in use before: 77.8 MB.
System memory in use after: 77.8 MB.

Unloading 6 unused Assets to reduce memory usage. Loaded Objects now: 1625.
Total: 1.397400 ms (FindLiveObjects: 0.127500 ms CreateObjectMapping: 0.034200 ms MarkObjects: 1.182400 ms  DeleteObjects: 0.052400 ms)

========================================================================
Received Prepare
Refreshing native plugins compatible for Editor in 0.80 ms, found 0 plugins.
Preloading 0 native plugins for Editor in 0.00 ms.
Unloading 4 Unused Serialized files (Serialized files now loaded: 0)
System memory in use before: 54.9 MB.
System memory in use after: 55.0 MB.

Unloading 4 unused Assets to reduce memory usage. Loaded Objects now: 1625.
Total: 6.348700 ms (FindLiveObjects: 0.495700 ms CreateObjectMapping: 0.141700 ms MarkObjects: 5.509300 ms  DeleteObjects: 0.197200 ms)

AssetImportWorkerClient::OnTransportError - code=2 error=End of file
